IPC/Run/Timer.pm
Regexp/Common/SEN.pm
Symbol.pm
vars.pm
Regexp/Common/URI/pop.pm
Regexp/Common/URI/RFC2806.pm
Regexp/Common/URI/http.pm
version.pm
Regexp/Common/URI/RFC1808.pm
Regexp/Common/net.pm
Tie/Hash.pm
Regexp/Common/URI.pm
File/Glob.pm
SelfLoader.pm
Regexp/Common/URI/tel.pm
Exporter/Heavy.pm
Regexp/Common/URI/tv.pm
Regexp/Common/delimited.pm
bytes.pm
Regexp/Common/whitespace.pm
Regexp/Common/URI/file.pm
Regexp/Common/URI/RFC1035.pm
base.pm
Regexp/Common/URI/wais.pm
File/Basename.pm
Regexp/Common.pm
overload.pm
Config.pm
IO.pm
IPC/Run/IO.pm
Errno.pm
Regexp/Common/URI/news.pm
Regexp/Common/URI/ftp.pm
Regexp/Common/CC.pm
overloading.pm
Carp.pm
UNIVERSAL.pm
Regexp/Common/URI/gopher.pm
File/Spec.pm
Regexp/Common/number.pm
re.pm
Regexp/Common/profanity.pm
Regexp/Common/_support.pm
Text/Balanced.pm
Regexp/Common/URI/prospero.pm
Regexp/Common/lingua.pm
warnings/register.pm
Getopt/Long.pm
IPC/Run.pm
File/Spec/Functions.pm
Regexp/Common/URI/RFC1738.pm
Regexp/Common/zip.pm
Regexp/Common/balanced.pm
IO/Handle.pm
Statistics/R/Legacy.pm
File/Spec/Unix.pm
SelectSaver.pm
Regexp/Common/URI/RFC2396.pm
Statistics/R.pm
constant.pm
Regexp/Common/comment.pm
Regexp/Common/URI/fax.pm
Regexp/Common/list.pm
POSIX.pm
Regexp/Common/URI/RFC2384.pm
Regexp/Common/URI/telnet.pm
Fcntl.pm
IPC/Run/Debug.pm
